❌ Erro 404: https://i0.wp.com/pokemythology.net/conteudo/imgs/home/0025-partner.png?w=640&ssl=1
❌ Erro 404: https://i0.wp.com/pokemythology.net/conteudo/imgs/home/shiny/0025-partner.png?w=640&ssl=1
❌ Erro 404: https://i0.wp.com/pokemythology.net/conteudo/imgs/home/0128-combat.png?w=640&ssl=1
❌ Erro 404: https://i0.wp.com/pokemythology.net/conteudo/imgs/home/shiny/0128-combat.png?w=640&ssl=1
❌ Erro 404: https://i0.wp.com/pokemythology.net/conteudo/imgs/home/0128-blaze.png?w=640&ssl=1
❌ Erro 404: https://i0.wp.com/pokemythology.net/conteudo/imgs/home/shiny/0128-blaze.png?w=640&ssl=1
❌ Erro 404: https://i0.wp.com/pokemythology.net/conteudo/imgs/home/0128-aqua.png?w=640&ssl=1
❌ Erro 404: https://i0.wp.com/pokemythology.net/conteudo/imgs/home/shiny/0128-aqua.png?w=640&ssl=1
❌ Erro 404: https://i0.wp.com/pokemythology.net/conteudo/imgs/home/0133-partner.png?w=640&ssl=1
❌ Erro 404: https://i0.wp.com/pokemythology.net/conteudo/imgs/home/shiny/0133-partner.png?w=640&ssl=1
❌ Erro 404: https://i0.wp.com/pokemythology.net/conteudo/imgs/home/0150-mega.png?w=640&ssl=1
❌ Erro 404: https://i0.wp.com/pokemythology.net/conteudo/imgs/home/shiny/0150-mega.png?w=640&ssl=1
❌ Erro 404: https://i0.wp.com/pokemythology.net/conteudo/imgs/home/0150-mega.png?w=640&ssl=1
❌ Erro 404: https://i0.wp.com/pokemythology.net/conteudo/imgs/home/shiny/0150-mega.png?w=640&ssl=1
❌ Erro 404: https://i0.wp.com/pokemythology.net/conteudo/imgs/home/0154-mega.png?w=640&ssl=1
❌ Erro 404: https://i0.wp.com/pokemythology.net/conteudo/imgs/home/shiny/0154-mega.png?w=640&ssl=1
❌ Erro 400: https://i0.wp.com/pokemythology.net/conteudo/imgs/home/0647.png?w=640&ssl=1
❌ Erro 400: https://i0.wp.com/pokemythology.net/conteudo/imgs/home/0647.png?w=640&ssl=1
❌ Erro 404: https://i0.wp.com/pokemythology.net/conteudo/imgs/home/1011.png?w=640&ssl=1
❌ Erro 404: https://i0.wp.com/pokemythology.net/conteudo/imgs/home/shiny/1011.png?w=640&ssl=1
❌ Erro 404: https://i0.wp.com/pokemythology.net/conteudo/imgs/home/1012.png?w=640&ssl=1
❌ Erro 404: https://i0.wp.com/pokemythology.net/conteudo/imgs/home/shiny/1012.png?w=640&ssl=1
❌ Erro 404: https://i0.wp.com/pokemythology.net/conteudo/imgs/home/1013.png?w=640&ssl=1
❌ Erro 404: https://i0.wp.com/pokemythology.net/conteudo/imgs/home/shiny/1013.png?w=640&ssl=1
❌ Erro 404: https://i0.wp.com/pokemythology.net/conteudo/imgs/home/1014.png?w=640&ssl=1
❌ Erro 404: https://i0.wp.com/pokemythology.net/conteudo/imgs/home/shiny/1014.png?w=640&ssl=1
❌ Erro 404: https://i0.wp.com/pokemythology.net/conteudo/imgs/home/1015.png?w=640&ssl=1
❌ Erro 404: https://i0.wp.com/pokemythology.net/conteudo/imgs/home/shiny/1015.png?w=640&ssl=1
❌ Erro 404: https://i0.wp.com/pokemythology.net/conteudo/imgs/home/1016.png?w=640&ssl=1
❌ Erro 404: https://i0.wp.com/pokemythology.net/conteudo/imgs/home/shiny/1016.png?w=640&ssl=1
❌ Erro 404: https://i0.wp.com/pokemythology.net/conteudo/imgs/home/1017.png?w=640&ssl=1
❌ Erro 404: https://i0.wp.com/pokemythology.net/conteudo/imgs/home/shiny/1017.png?w=640&ssl=1
❌ Erro 404: https://i0.wp.com/pokemythology.net/conteudo/imgs/home/1017.png?w=640&ssl=1
❌ Erro 404: https://i0.wp.com/pokemythology.net/conteudo/imgs/home/shiny/1017.png?w=640&ssl=1
❌ Erro 404: https://i0.wp.com/pokemythology.net/conteudo/imgs/home/1017.png?w=640&ssl=1
❌ Erro 404: https://i0.wp.com/pokemythology.net/conteudo/imgs/home/shiny/1017.png?w=640&ssl=1
❌ Erro 404: https://i0.wp.com/pokemythology.net/conteudo/imgs/home/1017.png?w=640&ssl=1
❌ Erro 404: https://i0.wp.com/pokemythology.net/conteudo/imgs/home/shiny/1017.png?w=640&ssl=1
❌ Erro 404: https://i0.wp.com/pokemythology.net/conteudo/imgs/home/1018.png?w=640&ssl=1
❌ Erro 404: https://i0.wp.com/pokemythology.net/conteudo/imgs/home/shiny/1018.png?w=640&ssl=1
❌ Erro 404: https://i0.wp.com/pokemythology.net/conteudo/imgs/home/1019.png?w=640&ssl=1
❌ Erro 404: https://i0.wp.com/pokemythology.net/conteudo/imgs/home/shiny/1019.png?w=640&ssl=1
❌ Erro 404: https://i0.wp.com/pokemythology.net/conteudo/imgs/home/1020.png?w=640&ssl=1
❌ Erro 404: https://i0.wp.com/pokemythology.net/conteudo/imgs/home/shiny/1020.png?w=640&ssl=1
❌ Erro 404: https://i0.wp.com/pokemythology.net/conteudo/imgs/home/1021.png?w=640&ssl=1
❌ Erro 404: https://i0.wp.com/pokemythology.net/conteudo/imgs/home/shiny/1021.png?w=640&ssl=1
❌ Erro 404: https://i0.wp.com/pokemythology.net/conteudo/imgs/home/1022.png?w=640&ssl=1
❌ Erro 404: https://i0.wp.com/pokemythology.net/conteudo/imgs/home/shiny/1022.png?w=640&ssl=1
❌ Erro 404: https://i0.wp.com/pokemythology.net/conteudo/imgs/home/1023.png?w=640&ssl=1
❌ Erro 404: https://i0.wp.com/pokemythology.net/conteudo/imgs/home/shiny/1023.png?w=640&ssl=1
❌ Erro 404: https://i0.wp.com/pokemythology.net/conteudo/imgs/home/1024.png?w=640&ssl=1
❌ Erro 404: https://i0.wp.com/pokemythology.net/conteudo/imgs/home/shiny/1024.png?w=640&ssl=1
❌ Erro 404: https://i0.wp.com/pokemythology.net/conteudo/imgs/home/1024.png?w=640&ssl=1
❌ Erro 404: https://i0.wp.com/pokemythology.net/conteudo/imgs/home/shiny/1024.png?w=640&ssl=1
❌ Erro 404: https://i0.wp.com/pokemythology.net/conteudo/imgs/home/1024.png?w=640&ssl=1
❌ Erro 404: https://i0.wp.com/pokemythology.net/conteudo/imgs/home/shiny/1024.png?w=640&ssl=1
❌ Erro 404: https://i0.wp.com/pokemythology.net/conteudo/imgs/home/1025.png?w=640&ssl=1
❌ Erro 404: https://i0.wp.com/pokemythology.net/conteudo/imgs/home/shiny/1025.png?w=640&ssl=1
